Watching for file changes with StatReloader
Internal Server Error: /api/v1/receipts
"GET /api/v1/receipts HTTP/1.1" 500 93
/Users/apple/Documents/papii_doings/ocr-engine/receipt/views.py changed, reloading.
Watching for file changes with StatReloader
/Users/apple/Documents/papii_doings/ocr-engine/src/settings.py changed, reloading.
Watching for file changes with StatReloader
"GET /api/v1/receipts HTTP/1.1" 200 7519
/Users/apple/Documents/papii_doings/ocr-engine/receipt/views.py changed, reloading.
Watching for file changes with StatReloader
/Users/apple/Documents/papii_doings/ocr-engine/receipt/views.py changed, reloading.
Watching for file changes with StatReloader
/Users/apple/Documents/papii_doings/ocr-engine/receipt/views.py changed, reloading.
Watching for file changes with StatReloader
Watching for file changes with StatReloader
Watching for file changes with StatReloader
Watching for file changes with StatReloader
Watching for file changes with StatReloader
Internal Server Error: /api/v1/receipts
Traceback (most recent call last):
  File "/Users/apple/.local/share/virtualenvs/ocr-engine-NSGVFJRG/lib/python3.10/site-packages/django/core/handlers/exception.py", line 55, in inner
    response = get_response(request)
  File "/Users/apple/.local/share/virtualenvs/ocr-engine-NSGVFJRG/lib/python3.10/site-packages/django/core/handlers/base.py", line 197, in _get_response
    response = wrapped_callback(request, *callback_args, **callback_kwargs)
  File "/Users/apple/.local/share/virtualenvs/ocr-engine-NSGVFJRG/lib/python3.10/site-packages/django/views/decorators/csrf.py", line 54, in wrapped_view
    return view_func(*args, **kwargs)
  File "/Users/apple/.local/share/virtualenvs/ocr-engine-NSGVFJRG/lib/python3.10/site-packages/django/views/generic/base.py", line 103, in view
    return self.dispatch(request, *args, **kwargs)
  File "/Users/apple/.local/share/virtualenvs/ocr-engine-NSGVFJRG/lib/python3.10/site-packages/rest_framework/views.py", line 511, in dispatch
    self.response = self.finalize_response(request, response, *args, **kwargs)
  File "/Users/apple/.local/share/virtualenvs/ocr-engine-NSGVFJRG/lib/python3.10/site-packages/rest_framework/views.py", line 423, in finalize_response
    assert isinstance(response, HttpResponseBase), (
AssertionError: Expected a `Response`, `HttpResponse` or `HttpStreamingResponse` to be returned from the view, but received a `<class 'NoneType'>`
"POST /api/v1/receipts HTTP/1.1" 500 145
/Users/apple/Documents/papii_doings/ocr-engine/receipt/views.py changed, reloading.
Watching for file changes with StatReloader
/Users/apple/Documents/papii_doings/ocr-engine/receipt/views.py changed, reloading.
Watching for file changes with StatReloader
/Users/apple/Documents/papii_doings/ocr-engine/receipt/views.py changed, reloading.
Watching for file changes with StatReloader
/Users/apple/Documents/papii_doings/ocr-engine/receipt/views.py changed, reloading.
Watching for file changes with StatReloader
Internal Server Error: /api/v1/receipts
"POST /api/v1/receipts HTTP/1.1" 500 104
/Users/apple/Documents/papii_doings/ocr-engine/receipt/views.py changed, reloading.
Watching for file changes with StatReloader
/Users/apple/Documents/papii_doings/ocr-engine/receipt/views.py changed, reloading.
Watching for file changes with StatReloader
Internal Server Error: /api/v1/receipts
Traceback (most recent call last):
  File "/Users/apple/.local/share/virtualenvs/ocr-engine-NSGVFJRG/lib/python3.10/site-packages/django/core/handlers/exception.py", line 55, in inner
    response = get_response(request)
  File "/Users/apple/.local/share/virtualenvs/ocr-engine-NSGVFJRG/lib/python3.10/site-packages/django/core/handlers/base.py", line 197, in _get_response
    response = wrapped_callback(request, *callback_args, **callback_kwargs)
  File "/Users/apple/.local/share/virtualenvs/ocr-engine-NSGVFJRG/lib/python3.10/site-packages/django/views/decorators/csrf.py", line 54, in wrapped_view
    return view_func(*args, **kwargs)
  File "/Users/apple/.local/share/virtualenvs/ocr-engine-NSGVFJRG/lib/python3.10/site-packages/django/views/generic/base.py", line 103, in view
    return self.dispatch(request, *args, **kwargs)
  File "/Users/apple/.local/share/virtualenvs/ocr-engine-NSGVFJRG/lib/python3.10/site-packages/rest_framework/views.py", line 511, in dispatch
    self.response = self.finalize_response(request, response, *args, **kwargs)
  File "/Users/apple/.local/share/virtualenvs/ocr-engine-NSGVFJRG/lib/python3.10/site-packages/rest_framework/views.py", line 423, in finalize_response
    assert isinstance(response, HttpResponseBase), (
AssertionError: Expected a `Response`, `HttpResponse` or `HttpStreamingResponse` to be returned from the view, but received a `<class 'NoneType'>`
"POST /api/v1/receipts HTTP/1.1" 500 145
/Users/apple/Documents/papii_doings/ocr-engine/receipt/views.py changed, reloading.
Watching for file changes with StatReloader
/Users/apple/Documents/papii_doings/ocr-engine/receipt/views.py changed, reloading.
Watching for file changes with StatReloader
/Users/apple/Documents/papii_doings/ocr-engine/receipt/views.py changed, reloading.
Watching for file changes with StatReloader
/Users/apple/Documents/papii_doings/ocr-engine/receipt/views.py changed, reloading.
Watching for file changes with StatReloader
/Users/apple/Documents/papii_doings/ocr-engine/receipt/views.py changed, reloading.
Watching for file changes with StatReloader
/Users/apple/Documents/papii_doings/ocr-engine/receipt/views.py changed, reloading.
Watching for file changes with StatReloader
/Users/apple/Documents/papii_doings/ocr-engine/receipt/views.py changed, reloading.
Watching for file changes with StatReloader
/Users/apple/Documents/papii_doings/ocr-engine/receipt/views.py changed, reloading.
Watching for file changes with StatReloader
/Users/apple/Documents/papii_doings/ocr-engine/receipt/views.py changed, reloading.
Watching for file changes with StatReloader
/Users/apple/Documents/papii_doings/ocr-engine/receipt/views.py changed, reloading.
Watching for file changes with StatReloader
/Users/apple/Documents/papii_doings/ocr-engine/receipt/views.py changed, reloading.
Watching for file changes with StatReloader
/Users/apple/Documents/papii_doings/ocr-engine/receipt/views.py changed, reloading.
Watching for file changes with StatReloader
/Users/apple/Documents/papii_doings/ocr-engine/receipt/views.py changed, reloading.
Watching for file changes with StatReloader
/Users/apple/Documents/papii_doings/ocr-engine/receipt/views.py changed, reloading.
Watching for file changes with StatReloader
/Users/apple/Documents/papii_doings/ocr-engine/receipt/views.py changed, reloading.
Watching for file changes with StatReloader
/Users/apple/Documents/papii_doings/ocr-engine/receipt/views.py changed, reloading.
Watching for file changes with StatReloader
/Users/apple/Documents/papii_doings/ocr-engine/receipt/views.py changed, reloading.
Watching for file changes with StatReloader
/Users/apple/Documents/papii_doings/ocr-engine/receipt/views.py changed, reloading.
Watching for file changes with StatReloader
/Users/apple/Documents/papii_doings/ocr-engine/receipt/views.py changed, reloading.
Watching for file changes with StatReloader
/Users/apple/Documents/papii_doings/ocr-engine/receipt/views.py changed, reloading.
Watching for file changes with StatReloader
/Users/apple/Documents/papii_doings/ocr-engine/receipt/core.py changed, reloading.
Watching for file changes with StatReloader
/Users/apple/Documents/papii_doings/ocr-engine/receipt/core.py changed, reloading.
Watching for file changes with StatReloader
/Users/apple/Documents/papii_doings/ocr-engine/receipt/core.py changed, reloading.
Watching for file changes with StatReloader
/Users/apple/Documents/papii_doings/ocr-engine/receipt/core.py changed, reloading.
Watching for file changes with StatReloader
/Users/apple/Documents/papii_doings/ocr-engine/receipt/core.py changed, reloading.
Watching for file changes with StatReloader
/Users/apple/Documents/papii_doings/ocr-engine/receipt/core.py changed, reloading.
Watching for file changes with StatReloader
/Users/apple/Documents/papii_doings/ocr-engine/receipt/core.py changed, reloading.
Watching for file changes with StatReloader
/Users/apple/Documents/papii_doings/ocr-engine/receipt/core.py changed, reloading.
Watching for file changes with StatReloader
/Users/apple/Documents/papii_doings/ocr-engine/receipt/core.py changed, reloading.
Watching for file changes with StatReloader
/Users/apple/Documents/papii_doings/ocr-engine/receipt/core.py changed, reloading.
Watching for file changes with StatReloader
/Users/apple/Documents/papii_doings/ocr-engine/receipt/core.py changed, reloading.
Watching for file changes with StatReloader
/Users/apple/Documents/papii_doings/ocr-engine/receipt/core.py changed, reloading.
Watching for file changes with StatReloader
/Users/apple/Documents/papii_doings/ocr-engine/receipt/core.py changed, reloading.
Watching for file changes with StatReloader
/Users/apple/Documents/papii_doings/ocr-engine/receipt/core.py changed, reloading.
Watching for file changes with StatReloader
/Users/apple/Documents/papii_doings/ocr-engine/receipt/core.py changed, reloading.
Watching for file changes with StatReloader
/Users/apple/Documents/papii_doings/ocr-engine/receipt/core.py changed, reloading.
Watching for file changes with StatReloader
/Users/apple/Documents/papii_doings/ocr-engine/receipt/core.py changed, reloading.
Watching for file changes with StatReloader
/Users/apple/Documents/papii_doings/ocr-engine/receipt/core.py changed, reloading.
Watching for file changes with StatReloader
/Users/apple/Documents/papii_doings/ocr-engine/receipt/core.py changed, reloading.
Watching for file changes with StatReloader
/Users/apple/Documents/papii_doings/ocr-engine/receipt/core.py changed, reloading.
Watching for file changes with StatReloader
/Users/apple/Documents/papii_doings/ocr-engine/receipt/core.py changed, reloading.
Watching for file changes with StatReloader
/Users/apple/Documents/papii_doings/ocr-engine/receipt/core.py changed, reloading.
Watching for file changes with StatReloader
/Users/apple/Documents/papii_doings/ocr-engine/receipt/core.py changed, reloading.
Watching for file changes with StatReloader
/Users/apple/Documents/papii_doings/ocr-engine/receipt/core.py changed, reloading.
Watching for file changes with StatReloader
/Users/apple/Documents/papii_doings/ocr-engine/receipt/core.py changed, reloading.
Watching for file changes with StatReloader
/Users/apple/Documents/papii_doings/ocr-engine/receipt/core.py changed, reloading.
Watching for file changes with StatReloader
/Users/apple/Documents/papii_doings/ocr-engine/receipt/core.py changed, reloading.
Watching for file changes with StatReloader
/Users/apple/Documents/papii_doings/ocr-engine/receipt/core.py changed, reloading.
Watching for file changes with StatReloader
/Users/apple/Documents/papii_doings/ocr-engine/receipt/core.py changed, reloading.
Watching for file changes with StatReloader
/Users/apple/Documents/papii_doings/ocr-engine/receipt/core.py changed, reloading.
Watching for file changes with StatReloader
/Users/apple/Documents/papii_doings/ocr-engine/receipt/core.py changed, reloading.
Watching for file changes with StatReloader
/Users/apple/Documents/papii_doings/ocr-engine/receipt/core.py changed, reloading.
Watching for file changes with StatReloader
/Users/apple/Documents/papii_doings/ocr-engine/receipt/core.py changed, reloading.
Watching for file changes with StatReloader
/Users/apple/Documents/papii_doings/ocr-engine/receipt/core.py changed, reloading.
Watching for file changes with StatReloader
/Users/apple/Documents/papii_doings/ocr-engine/receipt/core.py changed, reloading.
Watching for file changes with StatReloader
/Users/apple/Documents/papii_doings/ocr-engine/receipt/core.py changed, reloading.
Watching for file changes with StatReloader
/Users/apple/Documents/papii_doings/ocr-engine/receipt/core.py changed, reloading.
Watching for file changes with StatReloader
/Users/apple/Documents/papii_doings/ocr-engine/receipt/core.py changed, reloading.
Watching for file changes with StatReloader
/Users/apple/Documents/papii_doings/ocr-engine/receipt/core.py changed, reloading.
Watching for file changes with StatReloader
/Users/apple/Documents/papii_doings/ocr-engine/receipt/core.py changed, reloading.
Watching for file changes with StatReloader
/Users/apple/Documents/papii_doings/ocr-engine/receipt/core.py changed, reloading.
Watching for file changes with StatReloader
/Users/apple/Documents/papii_doings/ocr-engine/receipt/core.py changed, reloading.
Watching for file changes with StatReloader
/Users/apple/Documents/papii_doings/ocr-engine/receipt/core.py changed, reloading.
Watching for file changes with StatReloader
/Users/apple/Documents/papii_doings/ocr-engine/receipt/core.py changed, reloading.
Watching for file changes with StatReloader
/Users/apple/Documents/papii_doings/ocr-engine/receipt/core.py changed, reloading.
Watching for file changes with StatReloader
/Users/apple/Documents/papii_doings/ocr-engine/receipt/core.py changed, reloading.
Watching for file changes with StatReloader
/Users/apple/Documents/papii_doings/ocr-engine/receipt/core.py changed, reloading.
Watching for file changes with StatReloader
/Users/apple/Documents/papii_doings/ocr-engine/receipt/core.py changed, reloading.
Watching for file changes with StatReloader
/Users/apple/Documents/papii_doings/ocr-engine/receipt/core.py changed, reloading.
Watching for file changes with StatReloader
/Users/apple/Documents/papii_doings/ocr-engine/receipt/core.py changed, reloading.
Watching for file changes with StatReloader
/Users/apple/Documents/papii_doings/ocr-engine/receipt/core.py changed, reloading.
Watching for file changes with StatReloader
/Users/apple/Documents/papii_doings/ocr-engine/receipt/core.py changed, reloading.
Watching for file changes with StatReloader
/Users/apple/Documents/papii_doings/ocr-engine/receipt/core.py changed, reloading.
Watching for file changes with StatReloader
/Users/apple/Documents/papii_doings/ocr-engine/receipt/core.py changed, reloading.
Watching for file changes with StatReloader
/Users/apple/Documents/papii_doings/ocr-engine/receipt/core.py changed, reloading.
Watching for file changes with StatReloader
/Users/apple/Documents/papii_doings/ocr-engine/receipt/core.py changed, reloading.
Watching for file changes with StatReloader
/Users/apple/Documents/papii_doings/ocr-engine/receipt/core.py changed, reloading.
Watching for file changes with StatReloader
/Users/apple/Documents/papii_doings/ocr-engine/receipt/core.py changed, reloading.
Watching for file changes with StatReloader
/Users/apple/Documents/papii_doings/ocr-engine/receipt/core.py changed, reloading.
Watching for file changes with StatReloader
/Users/apple/Documents/papii_doings/ocr-engine/receipt/core.py changed, reloading.
Watching for file changes with StatReloader
/Users/apple/Documents/papii_doings/ocr-engine/receipt/core.py changed, reloading.
Watching for file changes with StatReloader
/Users/apple/Documents/papii_doings/ocr-engine/receipt/core.py changed, reloading.
Watching for file changes with StatReloader
/Users/apple/Documents/papii_doings/ocr-engine/receipt/core.py changed, reloading.
Watching for file changes with StatReloader
/Users/apple/Documents/papii_doings/ocr-engine/receipt/views.py changed, reloading.
Watching for file changes with StatReloader
/Users/apple/Documents/papii_doings/ocr-engine/receipt/views.py changed, reloading.
Watching for file changes with StatReloader
/Users/apple/Documents/papii_doings/ocr-engine/receipt/views.py changed, reloading.
Watching for file changes with StatReloader
/Users/apple/Documents/papii_doings/ocr-engine/receipt/views.py changed, reloading.
Watching for file changes with StatReloader
/Users/apple/Documents/papii_doings/ocr-engine/receipt/views.py changed, reloading.
Watching for file changes with StatReloader
/Users/apple/Documents/papii_doings/ocr-engine/receipt/views.py changed, reloading.
Watching for file changes with StatReloader
/Users/apple/Documents/papii_doings/ocr-engine/receipt/views.py changed, reloading.
Watching for file changes with StatReloader
/Users/apple/Documents/papii_doings/ocr-engine/receipt/views.py changed, reloading.
Watching for file changes with StatReloader
/Users/apple/Documents/papii_doings/ocr-engine/receipt/core.py changed, reloading.
Watching for file changes with StatReloader
/Users/apple/Documents/papii_doings/ocr-engine/receipt/core.py changed, reloading.
Watching for file changes with StatReloader
/Users/apple/Documents/papii_doings/ocr-engine/receipt/core.py changed, reloading.
Watching for file changes with StatReloader
/Users/apple/Documents/papii_doings/ocr-engine/receipt/core.py changed, reloading.
Watching for file changes with StatReloader
/Users/apple/Documents/papii_doings/ocr-engine/receipt/core.py changed, reloading.
Watching for file changes with StatReloader
/Users/apple/Documents/papii_doings/ocr-engine/receipt/core.py changed, reloading.
Watching for file changes with StatReloader
/Users/apple/Documents/papii_doings/ocr-engine/receipt/core.py changed, reloading.
Watching for file changes with StatReloader
/Users/apple/Documents/papii_doings/ocr-engine/receipt/core.py changed, reloading.
Watching for file changes with StatReloader
/Users/apple/Documents/papii_doings/ocr-engine/receipt/core.py changed, reloading.
Watching for file changes with StatReloader
/Users/apple/Documents/papii_doings/ocr-engine/receipt/core.py changed, reloading.
Watching for file changes with StatReloader
/Users/apple/Documents/papii_doings/ocr-engine/receipt/core.py changed, reloading.
Watching for file changes with StatReloader
/Users/apple/Documents/papii_doings/ocr-engine/receipt/core.py changed, reloading.
Watching for file changes with StatReloader
/Users/apple/Documents/papii_doings/ocr-engine/receipt/core.py changed, reloading.
Watching for file changes with StatReloader
/Users/apple/Documents/papii_doings/ocr-engine/receipt/core.py changed, reloading.
Watching for file changes with StatReloader
/Users/apple/Documents/papii_doings/ocr-engine/receipt/core.py changed, reloading.
Watching for file changes with StatReloader
/Users/apple/Documents/papii_doings/ocr-engine/receipt/core.py changed, reloading.
Watching for file changes with StatReloader
/Users/apple/Documents/papii_doings/ocr-engine/receipt/core.py changed, reloading.
Watching for file changes with StatReloader
/Users/apple/Documents/papii_doings/ocr-engine/receipt/core.py changed, reloading.
Watching for file changes with StatReloader
/Users/apple/Documents/papii_doings/ocr-engine/receipt/core.py changed, reloading.
Watching for file changes with StatReloader
/Users/apple/Documents/papii_doings/ocr-engine/receipt/core.py changed, reloading.
Watching for file changes with StatReloader
/Users/apple/Documents/papii_doings/ocr-engine/receipt/core.py changed, reloading.
Watching for file changes with StatReloader
/Users/apple/Documents/papii_doings/ocr-engine/receipt/core.py changed, reloading.
Watching for file changes with StatReloader
/Users/apple/Documents/papii_doings/ocr-engine/receipt/core.py changed, reloading.
Watching for file changes with StatReloader
/Users/apple/Documents/papii_doings/ocr-engine/receipt/core.py changed, reloading.
Watching for file changes with StatReloader
/Users/apple/Documents/papii_doings/ocr-engine/receipt/core.py changed, reloading.
Watching for file changes with StatReloader
/Users/apple/Documents/papii_doings/ocr-engine/receipt/core.py changed, reloading.
Watching for file changes with StatReloader
/Users/apple/Documents/papii_doings/ocr-engine/receipt/core.py changed, reloading.
Watching for file changes with StatReloader
/Users/apple/Documents/papii_doings/ocr-engine/receipt/core.py changed, reloading.
Watching for file changes with StatReloader
/Users/apple/Documents/papii_doings/ocr-engine/receipt/core.py changed, reloading.
Watching for file changes with StatReloader
/Users/apple/Documents/papii_doings/ocr-engine/receipt/core.py changed, reloading.
Watching for file changes with StatReloader
/Users/apple/Documents/papii_doings/ocr-engine/receipt/core.py changed, reloading.
Watching for file changes with StatReloader
/Users/apple/Documents/papii_doings/ocr-engine/receipt/core.py changed, reloading.
Watching for file changes with StatReloader
/Users/apple/Documents/papii_doings/ocr-engine/receipt/core.py changed, reloading.
Watching for file changes with StatReloader
/Users/apple/Documents/papii_doings/ocr-engine/receipt/core.py changed, reloading.
Watching for file changes with StatReloader
/Users/apple/Documents/papii_doings/ocr-engine/receipt/core.py changed, reloading.
Watching for file changes with StatReloader
/Users/apple/Documents/papii_doings/ocr-engine/receipt/core.py changed, reloading.
Watching for file changes with StatReloader
/Users/apple/Documents/papii_doings/ocr-engine/receipt/core.py changed, reloading.
Watching for file changes with StatReloader
/Users/apple/Documents/papii_doings/ocr-engine/receipt/core.py changed, reloading.
Watching for file changes with StatReloader
/Users/apple/Documents/papii_doings/ocr-engine/receipt/core.py changed, reloading.
Watching for file changes with StatReloader
/Users/apple/Documents/papii_doings/ocr-engine/receipt/core.py changed, reloading.
Watching for file changes with StatReloader
/Users/apple/Documents/papii_doings/ocr-engine/receipt/core.py changed, reloading.
Watching for file changes with StatReloader
/Users/apple/Documents/papii_doings/ocr-engine/receipt/core.py changed, reloading.
Watching for file changes with StatReloader
/Users/apple/Documents/papii_doings/ocr-engine/receipt/core.py changed, reloading.
Watching for file changes with StatReloader
/Users/apple/Documents/papii_doings/ocr-engine/receipt/core.py changed, reloading.
Watching for file changes with StatReloader
/Users/apple/Documents/papii_doings/ocr-engine/receipt/core.py changed, reloading.
Watching for file changes with StatReloader
/Users/apple/Documents/papii_doings/ocr-engine/receipt/core.py changed, reloading.
Watching for file changes with StatReloader
/Users/apple/Documents/papii_doings/ocr-engine/receipt/views.py changed, reloading.
Watching for file changes with StatReloader
/Users/apple/Documents/papii_doings/ocr-engine/receipt/views.py changed, reloading.
Watching for file changes with StatReloader
/Users/apple/Documents/papii_doings/ocr-engine/receipt/views.py changed, reloading.
Watching for file changes with StatReloader
/Users/apple/Documents/papii_doings/ocr-engine/receipt/views.py changed, reloading.
Watching for file changes with StatReloader
/Users/apple/Documents/papii_doings/ocr-engine/receipt/views.py changed, reloading.
Watching for file changes with StatReloader
/Users/apple/Documents/papii_doings/ocr-engine/receipt/views.py changed, reloading.
Watching for file changes with StatReloader
/Users/apple/Documents/papii_doings/ocr-engine/receipt/views.py changed, reloading.
Watching for file changes with StatReloader
/Users/apple/Documents/papii_doings/ocr-engine/receipt/views.py changed, reloading.
Watching for file changes with StatReloader
/Users/apple/Documents/papii_doings/ocr-engine/receipt/views.py changed, reloading.
Watching for file changes with StatReloader
/Users/apple/Documents/papii_doings/ocr-engine/receipt/views.py changed, reloading.
Watching for file changes with StatReloader
/Users/apple/Documents/papii_doings/ocr-engine/receipt/views.py changed, reloading.
Watching for file changes with StatReloader
/Users/apple/Documents/papii_doings/ocr-engine/receipt/views.py changed, reloading.
Watching for file changes with StatReloader
/Users/apple/Documents/papii_doings/ocr-engine/receipt/views.py changed, reloading.
Watching for file changes with StatReloader
/Users/apple/Documents/papii_doings/ocr-engine/receipt/views.py changed, reloading.
Watching for file changes with StatReloader
/Users/apple/Documents/papii_doings/ocr-engine/receipt/views.py changed, reloading.
Watching for file changes with StatReloader
/Users/apple/Documents/papii_doings/ocr-engine/receipt/views.py changed, reloading.
Watching for file changes with StatReloader
/Users/apple/Documents/papii_doings/ocr-engine/receipt/views.py changed, reloading.
Watching for file changes with StatReloader
/Users/apple/Documents/papii_doings/ocr-engine/receipt/views.py changed, reloading.
Watching for file changes with StatReloader
/Users/apple/Documents/papii_doings/ocr-engine/receipt/views.py changed, reloading.
Watching for file changes with StatReloader
/Users/apple/Documents/papii_doings/ocr-engine/receipt/views.py changed, reloading.
Watching for file changes with StatReloader
/Users/apple/Documents/papii_doings/ocr-engine/receipt/views.py changed, reloading.
Watching for file changes with StatReloader
/Users/apple/Documents/papii_doings/ocr-engine/receipt/views.py changed, reloading.
Watching for file changes with StatReloader
/Users/apple/Documents/papii_doings/ocr-engine/receipt/views.py changed, reloading.
Watching for file changes with StatReloader
/Users/apple/Documents/papii_doings/ocr-engine/receipt/views.py changed, reloading.
Watching for file changes with StatReloader
/Users/apple/Documents/papii_doings/ocr-engine/receipt/views.py changed, reloading.
Watching for file changes with StatReloader
/Users/apple/Documents/papii_doings/ocr-engine/receipt/views.py changed, reloading.
Watching for file changes with StatReloader
/Users/apple/Documents/papii_doings/ocr-engine/receipt/views.py changed, reloading.
Watching for file changes with StatReloader
/Users/apple/Documents/papii_doings/ocr-engine/receipt/views.py changed, reloading.
Watching for file changes with StatReloader
/Users/apple/Documents/papii_doings/ocr-engine/receipt/views.py changed, reloading.
Watching for file changes with StatReloader
/Users/apple/Documents/papii_doings/ocr-engine/receipt/views.py changed, reloading.
Watching for file changes with StatReloader
/Users/apple/Documents/papii_doings/ocr-engine/receipt/views.py changed, reloading.
Watching for file changes with StatReloader
/Users/apple/Documents/papii_doings/ocr-engine/receipt/views.py changed, reloading.
Watching for file changes with StatReloader
/Users/apple/Documents/papii_doings/ocr-engine/receipt/views.py changed, reloading.
Watching for file changes with StatReloader
/Users/apple/Documents/papii_doings/ocr-engine/receipt/views.py changed, reloading.
Watching for file changes with StatReloader
/Users/apple/Documents/papii_doings/ocr-engine/receipt/views.py changed, reloading.
Watching for file changes with StatReloader
/Users/apple/Documents/papii_doings/ocr-engine/receipt/views.py changed, reloading.
Watching for file changes with StatReloader
/Users/apple/Documents/papii_doings/ocr-engine/receipt/views.py changed, reloading.
Watching for file changes with StatReloader
/Users/apple/Documents/papii_doings/ocr-engine/receipt/views.py changed, reloading.
Watching for file changes with StatReloader
/Users/apple/Documents/papii_doings/ocr-engine/receipt/views.py changed, reloading.
Watching for file changes with StatReloader
/Users/apple/Documents/papii_doings/ocr-engine/receipt/views.py changed, reloading.
Watching for file changes with StatReloader
/Users/apple/Documents/papii_doings/ocr-engine/receipt/views.py changed, reloading.
Watching for file changes with StatReloader
/Users/apple/Documents/papii_doings/ocr-engine/receipt/views.py changed, reloading.
Watching for file changes with StatReloader
/Users/apple/Documents/papii_doings/ocr-engine/receipt/views.py changed, reloading.
Watching for file changes with StatReloader
/Users/apple/Documents/papii_doings/ocr-engine/receipt/views.py changed, reloading.
Watching for file changes with StatReloader
/Users/apple/Documents/papii_doings/ocr-engine/receipt/views.py changed, reloading.
Watching for file changes with StatReloader
/Users/apple/Documents/papii_doings/ocr-engine/receipt/views.py changed, reloading.
Watching for file changes with StatReloader
/Users/apple/Documents/papii_doings/ocr-engine/receipt/views.py changed, reloading.
Watching for file changes with StatReloader
/Users/apple/Documents/papii_doings/ocr-engine/receipt/views.py changed, reloading.
Watching for file changes with StatReloader
/Users/apple/Documents/papii_doings/ocr-engine/receipt/views.py changed, reloading.
Watching for file changes with StatReloader
/Users/apple/Documents/papii_doings/ocr-engine/receipt/views.py changed, reloading.
Watching for file changes with StatReloader
/Users/apple/Documents/papii_doings/ocr-engine/receipt/views.py changed, reloading.
Watching for file changes with StatReloader
/Users/apple/Documents/papii_doings/ocr-engine/receipt/views.py changed, reloading.
Watching for file changes with StatReloader
/Users/apple/Documents/papii_doings/ocr-engine/receipt/views.py changed, reloading.
Watching for file changes with StatReloader
/Users/apple/Documents/papii_doings/ocr-engine/receipt/views.py changed, reloading.
Watching for file changes with StatReloader
/Users/apple/Documents/papii_doings/ocr-engine/receipt/views.py changed, reloading.
Watching for file changes with StatReloader
/Users/apple/Documents/papii_doings/ocr-engine/receipt/views.py changed, reloading.
Watching for file changes with StatReloader
/Users/apple/Documents/papii_doings/ocr-engine/receipt/views.py changed, reloading.
Watching for file changes with StatReloader
/Users/apple/Documents/papii_doings/ocr-engine/receipt/views.py changed, reloading.
Watching for file changes with StatReloader
/Users/apple/Documents/papii_doings/ocr-engine/receipt/views.py changed, reloading.
Watching for file changes with StatReloader
/Users/apple/Documents/papii_doings/ocr-engine/receipt/views.py changed, reloading.
Watching for file changes with StatReloader
/Users/apple/Documents/papii_doings/ocr-engine/receipt/views.py changed, reloading.
Watching for file changes with StatReloader
/Users/apple/Documents/papii_doings/ocr-engine/receipt/views.py changed, reloading.
Watching for file changes with StatReloader
/Users/apple/Documents/papii_doings/ocr-engine/receipt/views.py changed, reloading.
Watching for file changes with StatReloader
/Users/apple/Documents/papii_doings/ocr-engine/receipt/views.py changed, reloading.
Watching for file changes with StatReloader
/Users/apple/Documents/papii_doings/ocr-engine/receipt/views.py changed, reloading.
Watching for file changes with StatReloader
/Users/apple/Documents/papii_doings/ocr-engine/receipt/views.py changed, reloading.
Watching for file changes with StatReloader
/Users/apple/Documents/papii_doings/ocr-engine/receipt/views.py changed, reloading.
Watching for file changes with StatReloader
/Users/apple/Documents/papii_doings/ocr-engine/receipt/views.py changed, reloading.
Watching for file changes with StatReloader
/Users/apple/Documents/papii_doings/ocr-engine/receipt/views.py changed, reloading.
Watching for file changes with StatReloader
/Users/apple/Documents/papii_doings/ocr-engine/receipt/views.py changed, reloading.
Watching for file changes with StatReloader
/Users/apple/Documents/papii_doings/ocr-engine/receipt/views.py changed, reloading.
Watching for file changes with StatReloader
/Users/apple/Documents/papii_doings/ocr-engine/receipt/views.py changed, reloading.
Watching for file changes with StatReloader
/Users/apple/Documents/papii_doings/ocr-engine/receipt/views.py changed, reloading.
Watching for file changes with StatReloader
/Users/apple/Documents/papii_doings/ocr-engine/receipt/views.py changed, reloading.
Watching for file changes with StatReloader
/Users/apple/Documents/papii_doings/ocr-engine/receipt/views.py changed, reloading.
Watching for file changes with StatReloader
/Users/apple/Documents/papii_doings/ocr-engine/receipt/views.py changed, reloading.
Watching for file changes with StatReloader
/Users/apple/Documents/papii_doings/ocr-engine/receipt/views.py changed, reloading.
Watching for file changes with StatReloader
/Users/apple/Documents/papii_doings/ocr-engine/receipt/views.py changed, reloading.
Watching for file changes with StatReloader
/Users/apple/Documents/papii_doings/ocr-engine/receipt/views.py changed, reloading.
Watching for file changes with StatReloader
/Users/apple/Documents/papii_doings/ocr-engine/receipt/views.py changed, reloading.
Watching for file changes with StatReloader
/Users/apple/Documents/papii_doings/ocr-engine/receipt/views.py changed, reloading.
Watching for file changes with StatReloader
/Users/apple/Documents/papii_doings/ocr-engine/receipt/views.py changed, reloading.
Watching for file changes with StatReloader
/Users/apple/Documents/papii_doings/ocr-engine/receipt/views.py changed, reloading.
Watching for file changes with StatReloader
/Users/apple/Documents/papii_doings/ocr-engine/receipt/views.py changed, reloading.
Watching for file changes with StatReloader
/Users/apple/Documents/papii_doings/ocr-engine/receipt/views.py changed, reloading.
Watching for file changes with StatReloader
/Users/apple/Documents/papii_doings/ocr-engine/receipt/views.py changed, reloading.
Watching for file changes with StatReloader
/Users/apple/Documents/papii_doings/ocr-engine/receipt/views.py changed, reloading.
Watching for file changes with StatReloader
/Users/apple/Documents/papii_doings/ocr-engine/receipt/views.py changed, reloading.
Watching for file changes with StatReloader
/Users/apple/Documents/papii_doings/ocr-engine/receipt/views.py changed, reloading.
Watching for file changes with StatReloader
/Users/apple/Documents/papii_doings/ocr-engine/receipt/views.py changed, reloading.
Watching for file changes with StatReloader
/Users/apple/Documents/papii_doings/ocr-engine/receipt/views.py changed, reloading.
Watching for file changes with StatReloader
/Users/apple/Documents/papii_doings/ocr-engine/receipt/views.py changed, reloading.
Watching for file changes with StatReloader
/Users/apple/Documents/papii_doings/ocr-engine/receipt/views.py changed, reloading.
Watching for file changes with StatReloader
/Users/apple/Documents/papii_doings/ocr-engine/receipt/views.py changed, reloading.
Watching for file changes with StatReloader
/Users/apple/Documents/papii_doings/ocr-engine/receipt/views.py changed, reloading.
Watching for file changes with StatReloader
/Users/apple/Documents/papii_doings/ocr-engine/receipt/views.py changed, reloading.
Watching for file changes with StatReloader
/Users/apple/Documents/papii_doings/ocr-engine/receipt/views.py changed, reloading.
Watching for file changes with StatReloader
/Users/apple/Documents/papii_doings/ocr-engine/receipt/views.py changed, reloading.
Watching for file changes with StatReloader
/Users/apple/Documents/papii_doings/ocr-engine/receipt/views.py changed, reloading.
Watching for file changes with StatReloader
/Users/apple/Documents/papii_doings/ocr-engine/receipt/views.py changed, reloading.
Watching for file changes with StatReloader
/Users/apple/Documents/papii_doings/ocr-engine/receipt/views.py changed, reloading.
Watching for file changes with StatReloader
/Users/apple/Documents/papii_doings/ocr-engine/receipt/views.py changed, reloading.
Watching for file changes with StatReloader
/Users/apple/Documents/papii_doings/ocr-engine/receipt/views.py changed, reloading.
Watching for file changes with StatReloader
/Users/apple/Documents/papii_doings/ocr-engine/receipt/views.py changed, reloading.
Watching for file changes with StatReloader
/Users/apple/Documents/papii_doings/ocr-engine/receipt/views.py changed, reloading.
Watching for file changes with StatReloader
/Users/apple/Documents/papii_doings/ocr-engine/receipt/views.py changed, reloading.
Watching for file changes with StatReloader
/Users/apple/Documents/papii_doings/ocr-engine/receipt/views.py changed, reloading.
Watching for file changes with StatReloader
/Users/apple/Documents/papii_doings/ocr-engine/receipt/views.py changed, reloading.
Watching for file changes with StatReloader
/Users/apple/Documents/papii_doings/ocr-engine/receipt/views.py changed, reloading.
Watching for file changes with StatReloader
/Users/apple/Documents/papii_doings/ocr-engine/receipt/views.py changed, reloading.
Watching for file changes with StatReloader
/Users/apple/Documents/papii_doings/ocr-engine/receipt/views.py changed, reloading.
Watching for file changes with StatReloader
/Users/apple/Documents/papii_doings/ocr-engine/receipt/views.py changed, reloading.
Watching for file changes with StatReloader
/Users/apple/Documents/papii_doings/ocr-engine/receipt/core.py changed, reloading.
Watching for file changes with StatReloader
/Users/apple/Documents/papii_doings/ocr-engine/receipt/core.py changed, reloading.
Watching for file changes with StatReloader
/Users/apple/Documents/papii_doings/ocr-engine/receipt/core.py changed, reloading.
Watching for file changes with StatReloader
/Users/apple/Documents/papii_doings/ocr-engine/receipt/core.py changed, reloading.
Watching for file changes with StatReloader
/Users/apple/Documents/papii_doings/ocr-engine/receipt/core.py changed, reloading.
Watching for file changes with StatReloader
/Users/apple/Documents/papii_doings/ocr-engine/receipt/core.py changed, reloading.
Watching for file changes with StatReloader
/Users/apple/Documents/papii_doings/ocr-engine/receipt/core.py changed, reloading.
Watching for file changes with StatReloader
/Users/apple/Documents/papii_doings/ocr-engine/receipt/views.py changed, reloading.
Watching for file changes with StatReloader
/Users/apple/Documents/papii_doings/ocr-engine/receipt/views.py changed, reloading.
Watching for file changes with StatReloader
/Users/apple/Documents/papii_doings/ocr-engine/receipt/views.py changed, reloading.
Watching for file changes with StatReloader
/Users/apple/Documents/papii_doings/ocr-engine/receipt/views.py changed, reloading.
Watching for file changes with StatReloader
Watching for file changes with StatReloader
/Users/apple/Documents/papii_doings/ocr-engine/receipt/views.py changed, reloading.
Watching for file changes with StatReloader
/Users/apple/Documents/papii_doings/ocr-engine/receipt/views.py changed, reloading.
Watching for file changes with StatReloader
Internal Server Error: /api/v1/receipts
"POST /api/v1/receipts HTTP/1.1" 500 117
/Users/apple/Documents/papii_doings/ocr-engine/receipt/views.py changed, reloading.
Watching for file changes with StatReloader
/Users/apple/Documents/papii_doings/ocr-engine/receipt/views.py changed, reloading.
Watching for file changes with StatReloader
/Users/apple/Documents/papii_doings/ocr-engine/receipt/views.py changed, reloading.
Watching for file changes with StatReloader
Internal Server Error: /api/v1/receipts
"POST /api/v1/receipts HTTP/1.1" 500 118
/Users/apple/Documents/papii_doings/ocr-engine/receipt/views.py changed, reloading.
Watching for file changes with StatReloader
/Users/apple/Documents/papii_doings/ocr-engine/receipt/views.py changed, reloading.
Watching for file changes with StatReloader
/Users/apple/Documents/papii_doings/ocr-engine/receipt/views.py changed, reloading.
Watching for file changes with StatReloader
/Users/apple/Documents/papii_doings/ocr-engine/receipt/views.py changed, reloading.
Watching for file changes with StatReloader
/Users/apple/Documents/papii_doings/ocr-engine/receipt/views.py changed, reloading.
Watching for file changes with StatReloader
/Users/apple/Documents/papii_doings/ocr-engine/receipt/views.py changed, reloading.
Watching for file changes with StatReloader
/Users/apple/Documents/papii_doings/ocr-engine/receipt/views.py changed, reloading.
Watching for file changes with StatReloader
/Users/apple/Documents/papii_doings/ocr-engine/receipt/views.py changed, reloading.
Watching for file changes with StatReloader
/Users/apple/Documents/papii_doings/ocr-engine/receipt/views.py changed, reloading.
Watching for file changes with StatReloader
/Users/apple/Documents/papii_doings/ocr-engine/receipt/views.py changed, reloading.
Watching for file changes with StatReloader
/Users/apple/Documents/papii_doings/ocr-engine/receipt/views.py changed, reloading.
Watching for file changes with StatReloader
/Users/apple/Documents/papii_doings/ocr-engine/receipt/views.py changed, reloading.
Watching for file changes with StatReloader
/Users/apple/Documents/papii_doings/ocr-engine/receipt/views.py changed, reloading.
Watching for file changes with StatReloader
/Users/apple/Documents/papii_doings/ocr-engine/receipt/views.py changed, reloading.
Watching for file changes with StatReloader
/Users/apple/Documents/papii_doings/ocr-engine/receipt/views.py changed, reloading.
Watching for file changes with StatReloader
/Users/apple/Documents/papii_doings/ocr-engine/receipt/views.py changed, reloading.
Watching for file changes with StatReloader
/Users/apple/Documents/papii_doings/ocr-engine/receipt/views.py changed, reloading.
Watching for file changes with StatReloader
/Users/apple/Documents/papii_doings/ocr-engine/receipt/views.py changed, reloading.
Watching for file changes with StatReloader
/Users/apple/Documents/papii_doings/ocr-engine/receipt/views.py changed, reloading.
Watching for file changes with StatReloader
/Users/apple/Documents/papii_doings/ocr-engine/receipt/views.py changed, reloading.
Watching for file changes with StatReloader
/Users/apple/Documents/papii_doings/ocr-engine/receipt/views.py changed, reloading.
Watching for file changes with StatReloader
/Users/apple/Documents/papii_doings/ocr-engine/receipt/views.py changed, reloading.
Watching for file changes with StatReloader
/Users/apple/Documents/papii_doings/ocr-engine/receipt/views.py changed, reloading.
Watching for file changes with StatReloader
/Users/apple/Documents/papii_doings/ocr-engine/receipt/views.py changed, reloading.
Watching for file changes with StatReloader
/Users/apple/Documents/papii_doings/ocr-engine/receipt/views.py changed, reloading.
Watching for file changes with StatReloader
/Users/apple/Documents/papii_doings/ocr-engine/receipt/views.py changed, reloading.
Watching for file changes with StatReloader
/Users/apple/Documents/papii_doings/ocr-engine/receipt/views.py changed, reloading.
Watching for file changes with StatReloader
/Users/apple/Documents/papii_doings/ocr-engine/receipt/views.py changed, reloading.
Watching for file changes with StatReloader
/Users/apple/Documents/papii_doings/ocr-engine/receipt/views.py changed, reloading.
Watching for file changes with StatReloader
/Users/apple/Documents/papii_doings/ocr-engine/receipt/views.py changed, reloading.
Watching for file changes with StatReloader
/Users/apple/Documents/papii_doings/ocr-engine/receipt/views.py changed, reloading.
Watching for file changes with StatReloader
/Users/apple/Documents/papii_doings/ocr-engine/receipt/views.py changed, reloading.
Watching for file changes with StatReloader
/Users/apple/Documents/papii_doings/ocr-engine/receipt/views.py changed, reloading.
Watching for file changes with StatReloader
/Users/apple/Documents/papii_doings/ocr-engine/receipt/views.py changed, reloading.
Watching for file changes with StatReloader
/Users/apple/Documents/papii_doings/ocr-engine/receipt/views.py changed, reloading.
Watching for file changes with StatReloader
/Users/apple/Documents/papii_doings/ocr-engine/receipt/views.py changed, reloading.
Watching for file changes with StatReloader
/Users/apple/Documents/papii_doings/ocr-engine/receipt/views.py changed, reloading.
Watching for file changes with StatReloader
/Users/apple/Documents/papii_doings/ocr-engine/receipt/views.py changed, reloading.
Watching for file changes with StatReloader
Internal Server Error: /api/v1/receipts
"POST /api/v1/receipts HTTP/1.1" 500 84
/Users/apple/Documents/papii_doings/ocr-engine/receipt/views.py changed, reloading.
Watching for file changes with StatReloader
/Users/apple/Documents/papii_doings/ocr-engine/receipt/views.py changed, reloading.
Watching for file changes with StatReloader
/Users/apple/Documents/papii_doings/ocr-engine/receipt/views.py changed, reloading.
Watching for file changes with StatReloader
Internal Server Error: /api/v1/receipts
"POST /api/v1/receipts HTTP/1.1" 500 84
/Users/apple/Documents/papii_doings/ocr-engine/receipt/views.py changed, reloading.
Watching for file changes with StatReloader
/Users/apple/Documents/papii_doings/ocr-engine/receipt/views.py changed, reloading.
Watching for file changes with StatReloader
/Users/apple/Documents/papii_doings/ocr-engine/receipt/views.py changed, reloading.
Watching for file changes with StatReloader
/Users/apple/Documents/papii_doings/ocr-engine/receipt/views.py changed, reloading.
Watching for file changes with StatReloader
/Users/apple/Documents/papii_doings/ocr-engine/receipt/views.py changed, reloading.
Watching for file changes with StatReloader
/Users/apple/Documents/papii_doings/ocr-engine/receipt/views.py changed, reloading.
Watching for file changes with StatReloader
/Users/apple/Documents/papii_doings/ocr-engine/receipt/core.py changed, reloading.
Watching for file changes with StatReloader
/Users/apple/Documents/papii_doings/ocr-engine/receipt/core.py changed, reloading.
Watching for file changes with StatReloader
/Users/apple/Documents/papii_doings/ocr-engine/receipt/core.py changed, reloading.
Watching for file changes with StatReloader
/Users/apple/Documents/papii_doings/ocr-engine/receipt/core.py changed, reloading.
Watching for file changes with StatReloader
/Users/apple/Documents/papii_doings/ocr-engine/receipt/core.py changed, reloading.
Watching for file changes with StatReloader
/Users/apple/Documents/papii_doings/ocr-engine/receipt/core.py changed, reloading.
Watching for file changes with StatReloader
/Users/apple/Documents/papii_doings/ocr-engine/receipt/core.py changed, reloading.
Watching for file changes with StatReloader
/Users/apple/Documents/papii_doings/ocr-engine/receipt/core.py changed, reloading.
Watching for file changes with StatReloader
/Users/apple/Documents/papii_doings/ocr-engine/receipt/core.py changed, reloading.
Watching for file changes with StatReloader
/Users/apple/Documents/papii_doings/ocr-engine/receipt/core.py changed, reloading.
Watching for file changes with StatReloader
/Users/apple/Documents/papii_doings/ocr-engine/receipt/core.py changed, reloading.
Watching for file changes with StatReloader
/Users/apple/Documents/papii_doings/ocr-engine/receipt/core.py changed, reloading.
Watching for file changes with StatReloader
/Users/apple/Documents/papii_doings/ocr-engine/receipt/core.py changed, reloading.
Watching for file changes with StatReloader
/Users/apple/Documents/papii_doings/ocr-engine/receipt/views.py changed, reloading.
Watching for file changes with StatReloader
/Users/apple/Documents/papii_doings/ocr-engine/receipt/views.py changed, reloading.
Watching for file changes with StatReloader
/Users/apple/Documents/papii_doings/ocr-engine/receipt/views.py changed, reloading.
Watching for file changes with StatReloader
/Users/apple/Documents/papii_doings/ocr-engine/receipt/views.py changed, reloading.
Watching for file changes with StatReloader
/Users/apple/Documents/papii_doings/ocr-engine/receipt/views.py changed, reloading.
Watching for file changes with StatReloader
/Users/apple/Documents/papii_doings/ocr-engine/receipt/views.py changed, reloading.
Watching for file changes with StatReloader
/Users/apple/Documents/papii_doings/ocr-engine/receipt/views.py changed, reloading.
Watching for file changes with StatReloader
/Users/apple/Documents/papii_doings/ocr-engine/receipt/views.py changed, reloading.
Watching for file changes with StatReloader
/Users/apple/Documents/papii_doings/ocr-engine/receipt/views.py changed, reloading.
Watching for file changes with StatReloader
/Users/apple/Documents/papii_doings/ocr-engine/receipt/views.py changed, reloading.
Watching for file changes with StatReloader
/Users/apple/Documents/papii_doings/ocr-engine/receipt/views.py changed, reloading.
Watching for file changes with StatReloader
/Users/apple/Documents/papii_doings/ocr-engine/receipt/views.py changed, reloading.
Watching for file changes with StatReloader
/Users/apple/Documents/papii_doings/ocr-engine/receipt/views.py changed, reloading.
Watching for file changes with StatReloader
/Users/apple/Documents/papii_doings/ocr-engine/receipt/views.py changed, reloading.
Watching for file changes with StatReloader
/Users/apple/Documents/papii_doings/ocr-engine/receipt/views.py changed, reloading.
Watching for file changes with StatReloader
/Users/apple/Documents/papii_doings/ocr-engine/receipt/views.py changed, reloading.
Watching for file changes with StatReloader
/Users/apple/Documents/papii_doings/ocr-engine/receipt/views.py changed, reloading.
Watching for file changes with StatReloader
/Users/apple/Documents/papii_doings/ocr-engine/receipt/views.py changed, reloading.
Watching for file changes with StatReloader
/Users/apple/Documents/papii_doings/ocr-engine/receipt/views.py changed, reloading.
Watching for file changes with StatReloader
/Users/apple/Documents/papii_doings/ocr-engine/receipt/views.py changed, reloading.
Watching for file changes with StatReloader
/Users/apple/Documents/papii_doings/ocr-engine/receipt/views.py changed, reloading.
Watching for file changes with StatReloader
/Users/apple/Documents/papii_doings/ocr-engine/receipt/views.py changed, reloading.
Watching for file changes with StatReloader
/Users/apple/Documents/papii_doings/ocr-engine/receipt/views.py changed, reloading.
Watching for file changes with StatReloader
/Users/apple/Documents/papii_doings/ocr-engine/receipt/views.py changed, reloading.
Watching for file changes with StatReloader
/Users/apple/Documents/papii_doings/ocr-engine/receipt/views.py changed, reloading.
Watching for file changes with StatReloader
/Users/apple/Documents/papii_doings/ocr-engine/receipt/views.py changed, reloading.
Watching for file changes with StatReloader
/Users/apple/Documents/papii_doings/ocr-engine/receipt/views.py changed, reloading.
Watching for file changes with StatReloader
/Users/apple/Documents/papii_doings/ocr-engine/receipt/views.py changed, reloading.
Watching for file changes with StatReloader
/Users/apple/Documents/papii_doings/ocr-engine/receipt/views.py changed, reloading.
Watching for file changes with StatReloader
/Users/apple/Documents/papii_doings/ocr-engine/receipt/views.py changed, reloading.
Watching for file changes with StatReloader
Internal Server Error: /api/v1/receipts
"POST /api/v1/receipts HTTP/1.1" 500 84
/Users/apple/Documents/papii_doings/ocr-engine/receipt/core.py changed, reloading.
Watching for file changes with StatReloader
/Users/apple/Documents/papii_doings/ocr-engine/receipt/core.py changed, reloading.
Watching for file changes with StatReloader
/Users/apple/Documents/papii_doings/ocr-engine/receipt/core.py changed, reloading.
Watching for file changes with StatReloader
/Users/apple/Documents/papii_doings/ocr-engine/receipt/core.py changed, reloading.
Watching for file changes with StatReloader
/Users/apple/Documents/papii_doings/ocr-engine/receipt/core.py changed, reloading.
Watching for file changes with StatReloader
/Users/apple/Documents/papii_doings/ocr-engine/receipt/core.py changed, reloading.
Watching for file changes with StatReloader
/Users/apple/Documents/papii_doings/ocr-engine/receipt/core.py changed, reloading.
Watching for file changes with StatReloader
/Users/apple/Documents/papii_doings/ocr-engine/receipt/core.py changed, reloading.
Watching for file changes with StatReloader
Internal Server Error: /api/v1/receipts
"POST /api/v1/receipts HTTP/1.1" 500 84
Internal Server Error: /api/v1/receipts
"POST /api/v1/receipts HTTP/1.1" 500 84
/Users/apple/Documents/papii_doings/ocr-engine/receipt/core.py changed, reloading.
Watching for file changes with StatReloader
/Users/apple/Documents/papii_doings/ocr-engine/receipt/core.py changed, reloading.
Watching for file changes with StatReloader
/Users/apple/Documents/papii_doings/ocr-engine/receipt/core.py changed, reloading.
Watching for file changes with StatReloader
/Users/apple/Documents/papii_doings/ocr-engine/receipt/core.py changed, reloading.
Watching for file changes with StatReloader
Internal Server Error: /api/v1/receipts
"POST /api/v1/receipts HTTP/1.1" 500 84
/Users/apple/Documents/papii_doings/ocr-engine/receipt/core.py changed, reloading.
Watching for file changes with StatReloader
/Users/apple/Documents/papii_doings/ocr-engine/receipt/core.py changed, reloading.
Watching for file changes with StatReloader
/Users/apple/Documents/papii_doings/ocr-engine/receipt/core.py changed, reloading.
Watching for file changes with StatReloader
/Users/apple/Documents/papii_doings/ocr-engine/receipt/core.py changed, reloading.
Watching for file changes with StatReloader
Internal Server Error: /api/v1/receipts
"POST /api/v1/receipts HTTP/1.1" 500 84
/Users/apple/Documents/papii_doings/ocr-engine/receipt/core.py changed, reloading.
Watching for file changes with StatReloader
Internal Server Error: /api/v1/receipts
"POST /api/v1/receipts HTTP/1.1" 500 84
/Users/apple/Documents/papii_doings/ocr-engine/receipt/core.py changed, reloading.
Watching for file changes with StatReloader
/Users/apple/Documents/papii_doings/ocr-engine/receipt/core.py changed, reloading.
Watching for file changes with StatReloader
/Users/apple/Documents/papii_doings/ocr-engine/receipt/core.py changed, reloading.
Watching for file changes with StatReloader
/Users/apple/Documents/papii_doings/ocr-engine/receipt/core.py changed, reloading.
Watching for file changes with StatReloader
/Users/apple/Documents/papii_doings/ocr-engine/receipt/core.py changed, reloading.
Watching for file changes with StatReloader
/Users/apple/Documents/papii_doings/ocr-engine/receipt/core.py changed, reloading.
Watching for file changes with StatReloader
/Users/apple/Documents/papii_doings/ocr-engine/receipt/core.py changed, reloading.
Watching for file changes with StatReloader
/Users/apple/Documents/papii_doings/ocr-engine/receipt/core.py changed, reloading.
Watching for file changes with StatReloader
/Users/apple/Documents/papii_doings/ocr-engine/receipt/core.py changed, reloading.
Watching for file changes with StatReloader
/Users/apple/Documents/papii_doings/ocr-engine/receipt/core.py changed, reloading.
Watching for file changes with StatReloader
/Users/apple/Documents/papii_doings/ocr-engine/receipt/core.py changed, reloading.
Watching for file changes with StatReloader
/Users/apple/Documents/papii_doings/ocr-engine/receipt/core.py changed, reloading.
Watching for file changes with StatReloader
/Users/apple/Documents/papii_doings/ocr-engine/receipt/core.py changed, reloading.
Watching for file changes with StatReloader
/Users/apple/Documents/papii_doings/ocr-engine/receipt/core.py changed, reloading.
Watching for file changes with StatReloader
/Users/apple/Documents/papii_doings/ocr-engine/receipt/core.py changed, reloading.
Watching for file changes with StatReloader
/Users/apple/Documents/papii_doings/ocr-engine/receipt/core.py changed, reloading.
Watching for file changes with StatReloader
Watching for file changes with StatReloader
"POST /api/v1/receipts HTTP/1.1" 200 227
/Users/apple/Documents/papii_doings/ocr-engine/receipt/views.py changed, reloading.
Watching for file changes with StatReloader
/Users/apple/Documents/papii_doings/ocr-engine/receipt/views.py changed, reloading.
Watching for file changes with StatReloader
"POST /api/v1/receipts HTTP/1.1" 200 1424
